#
# A fatal error has been detected by the Java Runtime Environment:
#
#  EXCEPTION_ACCESS_VIOLATION (0xc0000005) at pc=0x000000dacb681066, pid=3228, tid=0x0000000000001ffc
#
# JRE version: Java(TM) SE Runtime Environment (8.0_291-b10) (build 1.8.0_291-b10)
# Java VM: Java HotSpot(TM) 64-Bit Server VM (25.291-b10 mixed mode windows-amd64 compressed oops)
# Problematic frame:
# C  [OpenAL64.dll+0x11066]
#
# Failed to write core dump. Minidumps are not enabled by default on client versions of Windows
#
# If you would like to submit a bug report, please visit:
#   http://bugreport.java.com/bugreport/crash.jsp
# The crash happened outside the Java Virtual Machine in native code.
# See problematic frame for where to report the bug.
#

---------------  T H R E A D  ---------------

Current thread (0x000000da9d1f1000):  JavaThread "Client thread" [_thread_in_native, id=8188, stack(0x000000da9eae0000,0x000000da9ebe0000)]

siginfo: ExceptionCode=0xc0000005, reading address 0x000000dad51a1004

Registers:
RAX=0x0000000000000004, RBX=0x000000dadcf20090, RCX=0x000000dad51a1008, RDX=0x000000dad51a1004
RSP=0x000000da9ebdd870, RBP=0x00000000000000ff, RSI=0x000000dad51a0e1c, RDI=0x0000000000000000
R8 =0x000000000000007a, R9 =0x000000dad51a0e1c, R10=0x000000da9ebf9f22, R11=0x00000000703a9de0
R12=0x0000000000000001, R13=0x000000daea20de08, R14=0x000000da9ebdda08, R15=0x000000da9d1f1000
RIP=0x000000dacb681066, EFLAGS=0x0000000000010202

Top of Stack: (sp=0x000000da9ebdd870)
0x000000da9ebdd870:   fffffffe00000000 000000da9d1f1000
0x000000da9ebdd880:   000000daea20de08 0000000000000000
0x000000da9ebdd890:   000000daea20de08 0000000000000000
0x000000da9ebdd8a0:   000000da9d1f1000 000000da9ebdda08
0x000000da9ebdd8b0:   000000da9ebdd9d0 0000000070242dcb
0x000000da9ebdd8c0:   000000da9ebdd8f0 0000000000000013
0x000000da9ebdd8d0:   000000da9d1c77f0 000000da9d1f1850
0x000000da9ebdd8e0:   000000da9d1f1000 000000da9ebdda08
0x000000da9ebdd8f0:   000000daea20de08 0000000000000000
0x000000da9ebdd900:   000000dad51a0e1c 000000061602f518
0x000000da9ebdd910:   000000da9ebdd9d0 000000dacb68248f
0x000000da9ebdd920:   000000dadcf20090 000000dadcf20090
0x000000da9ebdd930:   000000da0000ac44 000000da00000004
0x000000da9ebdd940:   0000000000000010 000000da9ebf9f4e
0x000000da9ebdd950:   000000daea20de08 000000da9ebf9c45
0x000000da9ebdd960:   000000daea20de08 000000da9ebdd9d0 

Instructions: (pc=0x000000dacb681066)
0x000000dacb681046:   41 2b ec 81 3a 03 00 02 00 75 09 8b 01 89 84 24
0x000000dacb681056:   c8 00 00 00 49 83 c0 02 48 83 c1 08 4a 8d 14 86
0x000000dacb681066:   39 3a 75 af 4c 8d 84 24 c0 00 00 00 48 8d 15 d7
0x000000dacb681076:   2b 03 00 33 c9 e8 58 5f 00 00 b8 40 1f 00 00 4c 


Register to memory mapping:

RAX=0x0000000000000004 is an unknown value
RBX=0x000000dadcf20090 is an unknown value
RCX=0x000000dad51a1008 is an unknown value
RDX=0x000000dad51a1004 is an unknown value
RSP=0x000000da9ebdd870 is pointing into the stack for thread: 0x000000da9d1f1000
RBP=0x00000000000000ff is an unknown value
RSI=0x000000dad51a0e1c is an unknown value
RDI=0x0000000000000000 is an unknown value
R8 =0x000000000000007a is an unknown value
R9 =0x000000dad51a0e1c is an unknown value
R10=0x000000da9ebf9f22 is at code_begin+962 in an Interpreter codelet
method entry point (kind = native)  [0x000000da9ebf9b60, 0x000000da9ebfa600]  2720 bytes
R11=0x00000000703a9de0 is an unknown value
R12=0x0000000000000001 is an unknown value
R13={method} {0x000000daea20de10} 'nalcCreateContext' '(JJ)J' in 'org/lwjgl/openal/ALC10'
R14=0x000000da9ebdda08 is pointing into the stack for thread: 0x000000da9d1f1000
R15=0x000000da9d1f1000 is a thread


Stack: [0x000000da9eae0000,0x000000da9ebe0000],  sp=0x000000da9ebdd870,  free space=1014k
Native frames: (J=compiled Java code, j=interpreted, Vv=VM code, C=native code)
C  [OpenAL64.dll+0x11066]
C  [OpenAL64.dll+0x1248f]
C  0x000000da9ebf9f4e

Java frames: (J=compiled Java code, j=interpreted, Vv=VM code)
j  org.lwjgl.openal.ALC10.nalcCreateContext(JJ)J+0
j  org.lwjgl.openal.ALC10.alcCreateContext(Lorg/lwjgl/openal/ALCdevice;Ljava/nio/IntBuffer;)Lorg/lwjgl/openal/ALCcontext;+8
j  org.lwjgl.openal.AL.init(Ljava/lang/String;IIZZ)V+69
j  org.lwjgl.openal.AL.create(Ljava/lang/String;IIZZ)V+246
j  org.lwjgl.openal.AL.create(Ljava/lang/String;IIZ)V+5
j  org.lwjgl.openal.AL.create()V+6
j  org.orecruncher.dsurround.client.sound.SoundEngine.configureSound(Lnet/minecraftforge/client/event/sound/SoundSetupEvent;)V+18
j  net.minecraftforge.fml.common.eventhandler.ASMEventHandler_295_SoundEngine_configureSound_SoundSetupEvent.invoke(Lnet/minecraftforge/fml/common/eventhandler/Event;)V+5
J 11513 C1 net.minecraftforge.fml.common.eventhandler.ASMEventHandler.invoke(Lnet/minecraftforge/fml/common/eventhandler/Event;)V (110 bytes) @ 0x000000da9fd0e9ec [0x000000da9fd0e140+0x8ac]
J 15082 C2 net.minecraftforge.fml.common.eventhandler.EventBus.post(Lnet/minecraftforge/fml/common/eventhandler/Event;)Z (99 bytes) @ 0x000000daa11af5e8 [0x000000daa11af500+0xe8]
j  net.minecraft.client.audio.SoundManager.<init>(Lnet/minecraft/client/audio/SoundHandler;Lnet/minecraft/client/settings/GameSettings;)V+102
j  net.minecraft.client.audio.SoundHandler.<init>(Lnet/minecraft/client/resources/IResourceManager;Lnet/minecraft/client/settings/GameSettings;)V+38
j  net.minecraft.client.Minecraft.func_71384_a()V+380
j  net.minecraft.client.Minecraft.func_99999_d()V+6
j  net.minecraft.client.main.Main.main([Ljava/lang/String;)V+1094
v  ~StubRoutines::call_stub
j  sun.reflect.NativeMethodAccessorImpl.invoke0(Ljava/lang/reflect/Method;Ljava/lang/Object;[Ljava/lang/Object;)Ljava/lang/Object;+0
j  sun.reflect.NativeMethodAccessorImpl.invoke(Ljava/lang/Object;[Ljava/lang/Object;)Ljava/lang/Object;+100
J 2098 C1 sun.reflect.DelegatingMethodAccessorImpl.invoke(Ljava/lang/Object;[Ljava/lang/Object;)Ljava/lang/Object; (10 bytes) @ 0x000000da9f2ed74c [0x000000da9f2ed640+0x10c]
J 2097 C1 java.lang.reflect.Method.invoke(Ljava/lang/Object;[Ljava/lang/Object;)Ljava/lang/Object; (62 bytes) @ 0x000000da9f2edef4 [0x000000da9f2edb00+0x3f4]
j  net.minecraft.launchwrapper.Launch.launch([Ljava/lang/String;)V+661
j  net.minecraft.launchwrapper.Launch.main([Ljava/lang/String;)V+8
v  ~StubRoutines::call_stub
j  sun.reflect.NativeMethodAccessorImpl.invoke0(Ljava/lang/reflect/Method;Ljava/lang/Object;[Ljava/lang/Object;)Ljava/lang/Object;+0
j  sun.reflect.NativeMethodAccessorImpl.invoke(Ljava/lang/Object;[Ljava/lang/Object;)Ljava/lang/Object;+100
j  sun.reflect.DelegatingMethodAccessorImpl.invoke(Ljava/lang/Object;[Ljava/lang/Object;)Ljava/lang/Object;+6
j  java.lang.reflect.Method.invoke(Ljava/lang/Object;[Ljava/lang/Object;)Ljava/lang/Object;+56
j  org.multimc.onesix.OneSixLauncher.launchWithMainClass()I+173
j  org.multimc.onesix.OneSixLauncher.launch(Lorg/multimc/ParamBucket;)I+67
j  org.multimc.EntryPoint.listen()I+160
j  org.multimc.EntryPoint.main([Ljava/lang/String;)V+9
v  ~StubRoutines::call_stub

---------------  P R O C E S S  ---------------

Java Threads: ( => current thread )
  0x000000dadcc82000 JavaThread "Keep-Alive-Timer" daemon [_thread_blocked, id=4668, stack(0x000000dad9ce0000,0x000000dad9de0000)]
  0x000000dadcc7e800 JavaThread "File IO Thread" [_thread_blocked, id=8444, stack(0x000000dae1b10000,0x000000dae1c10000)]
  0x000000dac4667800 JavaThread "Weather2 Foliage Enhancer" [_thread_blocked, id=6004, stack(0x000000dad12e0000,0x000000dad13e0000)]
  0x000000dac4669000 JavaThread "Weather2 Scene Enhancer" [_thread_blocked, id=8476, stack(0x000000dacffa0000,0x000000dad00a0000)]
  0x000000dac4669800 JavaThread "Culling Thread" daemon [_thread_blocked, id=2144, stack(0x000000dad0560000,0x000000dad0660000)]
  0x000000dac8acf800 JavaThread "LWJGL Timer" daemon [_thread_blocked, id=2988, stack(0x000000dacfea0000,0x000000dacffa0000)]
  0x000000dac5d39000 JavaThread "Thread-4" [_thread_blocked, id=1128, stack(0x000000dacfda0000,0x000000dacfea0000)]
  0x000000dac9b82000 JavaThread "Java2D Disposer" daemon [_thread_blocked, id=1164, stack(0x000000dac9250000,0x000000dac9350000)]
  0x000000dac0754800 JavaThread "Timer hack thread" daemon [_thread_blocked, id=2532, stack(0x000000dac7c90000,0x000000dac7d90000)]
  0x000000dac4826000 JavaThread "Snooper Timer" daemon [_thread_blocked, id=4788, stack(0x000000dac3c20000,0x000000dac3d20000)]
  0x000000dabeda8800 JavaThread "Service Thread" daemon [_thread_blocked, id=4352, stack(0x000000dac0090000,0x000000dac0190000)]
  0x000000dabed11000 JavaThread "C1 CompilerThread2" daemon [_thread_blocked, id=4324, stack(0x000000dabff90000,0x000000dac0090000)]
  0x000000dabed0d000 JavaThread "C2 CompilerThread1" daemon [_thread_blocked, id=2796, stack(0x000000dabfe90000,0x000000dabff90000)]
  0x000000dabed0a800 JavaThread "C2 CompilerThread0" daemon [_thread_blocked, id=3976, stack(0x000000dabfd90000,0x000000dabfe90000)]
  0x000000dabed06800 JavaThread "Attach Listener" daemon [_thread_blocked, id=5236, stack(0x000000dabfc90000,0x000000dabfd90000)]
  0x000000dabed05800 JavaThread "Signal Dispatcher" daemon [_thread_blocked, id=2844, stack(0x000000dabfb90000,0x000000dabfc90000)]
  0x000000dabeced800 JavaThread "Finalizer" daemon [_thread_blocked, id=3988, stack(0x000000dabf9b0000,0x000000dabfab0000)]
  0x000000dabe5be000 JavaThread "Reference Handler" daemon [_thread_blocked, id=3944, stack(0x000000dabf8b0000,0x000000dabf9b0000)]
=>0x000000da9d1f1000 JavaThread "Client thread" [_thread_in_native, id=8188, stack(0x000000da9eae0000,0x000000da9ebe0000)]

Other Threads:
  0x000000dabecc3800 VMThread [stack: 0x000000dabf7b0000,0x000000dabf8b0000] [id=8924]
  0x000000dabee07000 WatcherThread [stack: 0x000000dac0190000,0x000000dac0290000] [id=5156]

VM state:not at safepoint (normal execution)

VM Mutex/Monitor currently owned by a thread: None

heap address: 0x0000000616000000, size: 6816 MB, Compressed Oops mode: Zero based, Oop shift amount: 3
Narrow klass base: 0x0000000000000000, Narrow klass shift: 3
Compressed class space size: 1073741824 Address: 0x00000007c0000000

Heap:
 PSYoungGen      total 2016768K, used 627105K [0x0000000732000000, 0x00000007be800000, 0x00000007c0000000)
  eden space 1724928K, 29% used [0x0000000732000000,0x00000007510bdec0,0x000000079b480000)
  from space 291840K, 40% used [0x000000079b480000,0x00000007a282a878,0x00000007ad180000)
  to   space 280576K, 0% used [0x00000007ad600000,0x00000007ad600000,0x00000007be800000)
 ParOldGen       total 2753536K, used 733120K [0x0000000616000000, 0x00000006be100000, 0x0000000732000000)
  object space 2753536K, 26% used [0x0000000616000000,0x0000000642bf02a0,0x00000006be100000)
 Metaspace       used 177926K, capacity 181611K, committed 181708K, reserved 1198080K
  class space    used 32112K, capacity 33219K, committed 33228K, reserved 1048576K

Card table byte_map: [0x000000daadfa0000,0x000000daaed00000] byte_map_base: 0x000000daaaef0000

Marking Bits: (ParMarkBitMap*) 0x0000000070967fe0
 Begin Bits: [0x000000daaf9e0000, 0x000000dab6460000)
 End Bits:   [0x000000dab6460000, 0x000000dabcee0000)

Polling page: 0x000000da9d320000

CodeCache: size=245760Kb used=37967Kb max_used=38506Kb free=207792Kb
 bounds [0x000000da9ebe0000, 0x000000daa11c0000, 0x000000daadbe0000]
 total_blobs=12114 nmethods=10743 adapters=1282
 compilation: enabled

Compilation events (10 events):
Event: 104.584 Thread 0x000000dabed0d000 15179   !   4       sun.reflect.GeneratedMethodAccessor13::invoke (76 bytes)
Event: 104.584 Thread 0x000000dabed11000 15180       3       com.google.common.cache.LocalCache::createSegment (13 bytes)
Event: 104.585 Thread 0x000000dabed11000 nmethod 15180 0x000000da9f4273d0 code [0x000000da9f427540, 0x000000da9f427750]
Event: 104.585 Thread 0x000000dabed11000 15181       3       com.google.common.cache.LocalCache$Segment::<init> (163 bytes)
Event: 104.587 Thread 0x000000dabed11000 nmethod 15181 0x000000daa056b950 code [0x000000daa056bd20, 0x000000daa056e220]
Event: 104.588 Thread 0x000000dabed0d000 nmethod 15179 0x000000daa0ee8010 code [0x000000daa0ee81a0, 0x000000daa0ee8678]
Event: 104.600 Thread 0x000000dabed11000 15182   !   3       sun.reflect.GeneratedConstructorAccessor28::newInstance (49 bytes)
Event: 104.600 Thread 0x000000dabed11000 nmethod 15182 0x000000daa081c210 code [0x000000daa081c3c0, 0x000000daa081c850]
Event: 104.651 Thread 0x000000dabed0a800 nmethod 15177 0x000000daa0ec58d0 code [0x000000daa0ec5de0, 0x000000daa0ec8c98]
Event: 104.661 Thread 0x000000dabed0d000 15183   !   4       java.net.URLClassLoader::findClass (47 bytes)

GC Heap History (10 events):
Event: 90.014 GC heap before
{Heap before GC invocations=26 (full 4):
 PSYoungGen      total 1952768K, used 1952442K [0x0000000732000000, 0x00000007c0000000, 0x00000007c0000000)
  eden space 1741824K, 100% used [0x0000000732000000,0x000000079c500000,0x000000079c500000)
  from space 210944K, 99% used [0x000000079c500000,0x00000007a92aead0,0x00000007a9300000)
  to   space 304640K, 0% used [0x00000007ad680000,0x00000007ad680000,0x00000007c0000000)
 ParOldGen       total 2181632K, used 688413K [0x0000000616000000, 0x000000069b280000, 0x0000000732000000)
  object space 2181632K, 31% used [0x0000000616000000,0x0000000640047498,0x000000069b280000)
 Metaspace       used 155429K, capacity 158051K, committed 158464K, reserved 1179648K
  class space    used 27700K, capacity 28551K, committed 28672K, reserved 1048576K
Event: 90.150 GC heap after
Heap after GC invocations=26 (full 4):
 PSYoungGen      total 2027520K, used 171321K [0x0000000732000000, 0x00000007c0000000, 0x00000007c0000000)
  eden space 1722880K, 0% used [0x0000000732000000,0x0000000732000000,0x000000079b280000)
  from space 304640K, 56% used [0x00000007ad680000,0x00000007b7dce668,0x00000007c0000000)
  to   space 299008K, 0% used [0x000000079b280000,0x000000079b280000,0x00000007ad680000)
 ParOldGen       total 2181632K, used 766808K [0x0000000616000000, 0x000000069b280000, 0x0000000732000000)
  object space 2181632K, 35% used [0x0000000616000000,0x0000000644cd6058,0x000000069b280000)
 Metaspace       used 155429K, capacity 158051K, committed 158464K, reserved 1179648K
  class space    used 27700K, capacity 28551K, committed 28672K, reserved 1048576K
}
Event: 93.412 GC heap before
{Heap before GC invocations=27 (full 4):
 PSYoungGen      total 2027520K, used 1434843K [0x0000000732000000, 0x00000007c0000000, 0x00000007c0000000)
  eden space 1722880K, 73% used [0x0000000732000000,0x000000077f1e8910,0x000000079b280000)
  from space 304640K, 56% used [0x00000007ad680000,0x00000007b7dce668,0x00000007c0000000)
  to   space 299008K, 0% used [0x000000079b280000,0x000000079b280000,0x00000007ad680000)
 ParOldGen       total 2181632K, used 766808K [0x0000000616000000, 0x000000069b280000, 0x0000000732000000)
  object space 2181632K, 35% used [0x0000000616000000,0x0000000644cd6058,0x000000069b280000)
 Metaspace       used 160814K, capacity 163643K, committed 163916K, reserved 1183744K
  class space    used 28781K, capacity 29705K, committed 29772K, reserved 1048576K
Event: 93.518 GC heap after
Heap after GC invocations=27 (full 4):
 PSYoungGen      total 1896960K, used 173972K [0x0000000732000000, 0x00000007bf080000, 0x00000007c0000000)
  eden space 1722880K, 0% used [0x0000000732000000,0x0000000732000000,0x000000079b280000)
  from space 174080K, 99% used [0x000000079b280000,0x00000007a5c652b0,0x00000007a5c80000)
  to   space 293888K, 0% used [0x00000007ad180000,0x00000007ad180000,0x00000007bf080000)
 ParOldGen       total 2181632K, used 805015K [0x0000000616000000, 0x000000069b280000, 0x0000000732000000)
  object space 2181632K, 36% used [0x0000000616000000,0x0000000647225c40,0x000000069b280000)
 Metaspace       used 160814K, capacity 163643K, committed 163916K, reserved 1183744K
  class space    used 28781K, capacity 29705K, committed 29772K, reserved 1048576K
}
Event: 93.518 GC heap before
{Heap before GC invocations=28 (full 5):
 PSYoungGen      total 1896960K, used 173972K [0x0000000732000000, 0x00000007bf080000, 0x00000007c0000000)
  eden space 1722880K, 0% used [0x0000000732000000,0x0000000732000000,0x000000079b280000)
  from space 174080K, 99% used [0x000000079b280000,0x00000007a5c652b0,0x00000007a5c80000)
  to   space 293888K, 0% used [0x00000007ad180000,0x00000007ad180000,0x00000007bf080000)
 ParOldGen       total 2181632K, used 805015K [0x0000000616000000, 0x000000069b280000, 0x0000000732000000)
  object space 2181632K, 36% used [0x0000000616000000,0x0000000647225c40,0x000000069b280000)
 Metaspace       used 160814K, capacity 163643K, committed 163916K, reserved 1183744K
  class space    used 28781K, capacity 29705K, committed 29772K, reserved 1048576K
Event: 94.804 GC heap after
Heap after GC invocations=28 (full 5):
 PSYoungGen      total 1896960K, used 0K [0x0000000732000000, 0x00000007bf080000, 0x00000007c0000000)
  eden space 1722880K, 0% used [0x0000000732000000,0x0000000732000000,0x000000079b280000)
  from space 174080K, 0% used [0x000000079b280000,0x000000079b280000,0x00000007a5c80000)
  to   space 293888K, 0% used [0x00000007ad180000,0x00000007ad180000,0x00000007bf080000)
 ParOldGen       total 2753536K, used 733104K [0x0000000616000000, 0x00000006be100000, 0x0000000732000000)
  object space 2753536K, 26% used [0x0000000616000000,0x0000000642bec2a0,0x00000006be100000)
 Metaspace       used 160814K, capacity 163643K, committed 163916K, reserved 1183744K
  class space    used 28781K, capacity 29705K, committed 29772K, reserved 1048576K
}
Event: 99.118 GC heap before
{Heap before GC invocations=29 (full 5):
 PSYoungGen      total 1896960K, used 1722880K [0x0000000732000000, 0x00000007bf080000, 0x00000007c0000000)
  eden space 1722880K, 100% used [0x0000000732000000,0x000000079b280000,0x000000079b280000)
  from space 174080K, 0% used [0x000000079b280000,0x000000079b280000,0x00000007a5c80000)
  to   space 293888K, 0% used [0x00000007ad180000,0x00000007ad180000,0x00000007bf080000)
 ParOldGen       total 2753536K, used 733104K [0x0000000616000000, 0x00000006be100000, 0x0000000732000000)
  object space 2753536K, 26% used [0x0000000616000000,0x0000000642bec2a0,0x00000006be100000)
 Metaspace       used 168359K, capacity 171453K, committed 171724K, reserved 1189888K
  class space    used 30150K, capacity 31140K, committed 31180K, reserved 1048576K
Event: 99.167 GC heap after
Heap after GC invocations=29 (full 5):
 PSYoungGen      total 2018816K, used 77489K [0x0000000732000000, 0x00000007c0000000, 0x00000007c0000000)
  eden space 1724928K, 0% used [0x0000000732000000,0x0000000732000000,0x000000079b480000)
  from space 293888K, 26% used [0x00000007ad180000,0x00000007b1d2c528,0x00000007bf080000)
  to   space 291840K, 0% used [0x000000079b480000,0x000000079b480000,0x00000007ad180000)
 ParOldGen       total 2753536K, used 733112K [0x0000000616000000, 0x00000006be100000, 0x0000000732000000)
  object space 2753536K, 26% used [0x0000000616000000,0x0000000642bee2a0,0x00000006be100000)
 Metaspace       used 168359K, capacity 171453K, committed 171724K, reserved 1189888K
  class space    used 30150K, capacity 31140K, committed 31180K, reserved 1048576K
}
Event: 103.280 GC heap before
{Heap before GC invocations=30 (full 5):
 PSYoungGen      total 2018816K, used 1802417K [0x0000000732000000, 0x00000007c0000000, 0x00000007c0000000)
  eden space 1724928K, 100% used [0x0000000732000000,0x000000079b480000,0x000000079b480000)
  from space 293888K, 26% used [0x00000007ad180000,0x00000007b1d2c528,0x00000007bf080000)
  to   space 291840K, 0% used [0x000000079b480000,0x000000079b480000,0x00000007ad180000)
 ParOldGen       total 2753536K, used 733112K [0x0000000616000000, 0x00000006be100000, 0x0000000732000000)
  object space 2753536K, 26% used [0x0000000616000000,0x0000000642bee2a0,0x00000006be100000)
 Metaspace       used 175278K, capacity 178769K, committed 178892K, reserved 1196032K
  class space    used 31592K, capacity 32690K, committed 32716K, reserved 1048576K
Event: 103.339 GC heap after
Heap after GC invocations=30 (full 5):
 PSYoungGen      total 2016768K, used 118442K [0x0000000732000000, 0x00000007be800000, 0x00000007c0000000)
  eden space 1724928K, 0% used [0x0000000732000000,0x0000000732000000,0x000000079b480000)
  from space 291840K, 40% used [0x000000079b480000,0x00000007a282a878,0x00000007ad180000)
  to   space 280576K, 0% used [0x00000007ad600000,0x00000007ad600000,0x00000007be800000)
 ParOldGen       total 2753536K, used 733120K [0x0000000616000000, 0x00000006be100000, 0x0000000732000000)
  object space 2753536K, 26% used [0x0000000616000000,0x0000000642bf02a0,0x00000006be100000)
 Metaspace       used 175278K, capacity 178769K, committed 178892K, reserved 1196032K
  class space    used 31592K, capacity 32690K, committed 32716K, reserved 1048576K
}

Deoptimization events (10 events):
Event: 103.801 Thread 0x000000da9d1f1000 Uncommon trap: reason=bimorphic action=maybe_recompile pc=0x000000daa037af6c method=com.google.common.reflect.TypeVisitor.visit([Ljava/lang/reflect/Type;)V @ 119
Event: 103.801 Thread 0x000000da9d1f1000 Uncommon trap: reason=bimorphic action=maybe_recompile pc=0x000000daa037af6c method=com.google.common.reflect.TypeVisitor.visit([Ljava/lang/reflect/Type;)V @ 119
Event: 103.801 Thread 0x000000da9d1f1000 Uncommon trap: reason=bimorphic action=maybe_recompile pc=0x000000daa037af6c method=com.google.common.reflect.TypeVisitor.visit([Ljava/lang/reflect/Type;)V @ 119
Event: 103.806 Thread 0x000000da9d1f1000 Uncommon trap: reason=unstable_if action=reinterpret pc=0x000000daa0e76f64 method=org.objectweb.asm.Type.getDescriptor(Ljava/lang/StringBuilder;Ljava/lang/Class;)V @ 39
Event: 103.986 Thread 0x000000da9d1f1000 Uncommon trap: reason=class_check action=maybe_recompile pc=0x000000da9edfb4f0 method=net.minecraftforge.fml.common.eventhandler.EventBus$1.invoke(Lnet/minecraftforge/fml/common/eventhandler/Event;)V @ 18
Event: 103.987 Thread 0x000000da9d1f1000 Uncommon trap: reason=class_check action=maybe_recompile pc=0x000000da9edfb4f0 method=net.minecraftforge.fml.common.eventhandler.EventBus$1.invoke(Lnet/minecraftforge/fml/common/eventhandler/Event;)V @ 18
Event: 103.988 Thread 0x000000da9d1f1000 Uncommon trap: reason=class_check action=maybe_recompile pc=0x000000da9edfb4f0 method=net.minecraftforge.fml.common.eventhandler.EventBus$1.invoke(Lnet/minecraftforge/fml/common/eventhandler/Event;)V @ 18
Event: 103.996 Thread 0x000000da9d1f1000 Uncommon trap: reason=class_check action=maybe_recompile pc=0x000000da9edfb4f0 method=net.minecraftforge.fml.common.eventhandler.EventBus$1.invoke(Lnet/minecraftforge/fml/common/eventhandler/Event;)V @ 18
Event: 104.375 Thread 0x000000da9d1f1000 Uncommon trap: reason=bimorphic action=maybe_recompile pc=0x000000da9ef64704 method=vazkii.quark.base.asm.ClassTransformer.transform(Ljava/lang/String;Ljava/lang/String;[B)[B @ 47
Event: 104.615 Thread 0x000000da9d1f1000 Uncommon trap: reason=unstable_if action=reinterpret pc=0x000000daa02b4944 method=com.sonicether.soundphysics.CoreModInjector.transform(Ljava/lang/String;Ljava/lang/String;[B)[B @ 635

Classes redefined (0 events):
No events

Internal exceptions (10 events):
Event: 102.988 Thread 0x000000da9d1f1000 Exception <a 'java/lang/IncompatibleClassChangeError': Found class java.lang.Object, but interface was expected> (0x00000007934a84d8) thrown at [C:\jenkins\workspace\8-2-build-windows-amd64-cygwin\jdk8u291\1294\hotspot\src\share\vm\interpreter\linkResolve
Event: 104.350 Thread 0x000000da9d1f1000 Exception <a 'java/lang/IncompatibleClassChangeError': Found class java.lang.Object, but interface was expected> (0x000000074b1585f8) thrown at [C:\jenkins\workspace\8-2-build-windows-amd64-cygwin\jdk8u291\1294\hotspot\src\share\vm\interpreter\linkResolve
Event: 104.359 Thread 0x000000da9d1f1000 Exception <a 'java/lang/IncompatibleClassChangeError': Found class java.lang.Object, but interface was expected> (0x000000074b2f1748) thrown at [C:\jenkins\workspace\8-2-build-windows-amd64-cygwin\jdk8u291\1294\hotspot\src\share\vm\interpreter\linkResolve
Event: 104.489 Thread 0x000000da9d1f1000 Exception <a 'java/lang/NoSuchMethodError': java.lang.Object.lambda$getResourceLocations$0(Ljava/util/List;Lcom/teamacronymcoders/base/IBaseMod;Ljava/lang/String;)V> (0x000000074d494608) thrown at [C:\jenkins\workspace\8-2-build-windows-amd64-cygwin\jdk8u
Event: 104.651 Thread 0x000000da9d1f1000 Exception <a 'java/security/PrivilegedActionException'> (0x000000074f9a05a8) thrown at [C:\jenkins\workspace\8-2-build-windows-amd64-cygwin\jdk8u291\1294\hotspot\src\share\vm\prims\jvm.cpp, line 1523]
Event: 104.651 Thread 0x000000da9d1f1000 Exception <a 'java/security/PrivilegedActionException'> (0x000000074f9a1aa8) thrown at [C:\jenkins\workspace\8-2-build-windows-amd64-cygwin\jdk8u291\1294\hotspot\src\share\vm\prims\jvm.cpp, line 1523]
Event: 104.651 Thread 0x000000da9d1f1000 Exception <a 'java/security/PrivilegedActionException'> (0x000000074f9a3568) thrown at [C:\jenkins\workspace\8-2-build-windows-amd64-cygwin\jdk8u291\1294\hotspot\src\share\vm\prims\jvm.cpp, line 1523]
Event: 104.652 Thread 0x000000da9d1f1000 Exception <a 'java/security/PrivilegedActionException'> (0x000000074f9a4d78) thrown at [C:\jenkins\workspace\8-2-build-windows-amd64-cygwin\jdk8u291\1294\hotspot\src\share\vm\prims\jvm.cpp, line 1523]
Event: 104.652 Thread 0x000000da9d1f1000 Exception <a 'java/security/PrivilegedActionException'> (0x000000074f9a6200) thrown at [C:\jenkins\workspace\8-2-build-windows-amd64-cygwin\jdk8u291\1294\hotspot\src\share\vm\prims\jvm.cpp, line 1523]
Event: 104.652 Thread 0x000000da9d1f1000 Exception <a 'java/security/PrivilegedActionException'> (0x000000074f9a7800) thrown at [C:\jenkins\workspace\8-2-build-windows-amd64-cygwin\jdk8u291\1294\hotspot\src\share\vm\prims\jvm.cpp, line 1523]

Events (10 events):
Event: 104.655 loading class org/lwjgl/openal/ALC10
Event: 104.655 loading class org/lwjgl/openal/ALC10 done
Event: 104.660 loading class org/lwjgl/openal/ALCdevice
Event: 104.660 loading class org/lwjgl/openal/ALCdevice done
Event: 104.661 loading class org/lwjgl/openal/ALCcontext
Event: 104.661 loading class org/lwjgl/openal/ALCcontext done
Event: 104.661 loading class org/lwjgl/openal/Util
Event: 104.661 loading class org/lwjgl/openal/Util done
Event: 104.662 loading class org/lwjgl/openal/OpenALException
Event: 104.662 loading class org/lwjgl/openal/OpenALException done


Dynamic libraries:
0x00007ff76f6e0000 - 0x00007ff76f727000 	C:\Program Files (x86)\Common Files\Oracle\Java\javapath\javaw.exe
0x00007fffde240000 - 0x00007fffde3ed000 	C:\WINDOWS\SYSTEM32\ntdll.dll
0x00007fffdddf0000 - 0x00007fffddf2f000 	C:\WINDOWS\system32\KERNEL32.DLL
0x00007fffdb530000 - 0x00007fffdb645000 	C:\WINDOWS\system32\KERNELBASE.dll
0x00007fffd9c90000 - 0x00007fffd9d1e000 	C:\WINDOWS\system32\apphelp.dll
0x00007fffcfac0000 - 0x00007fffcfb15000 	C:\WINDOWS\AppPatch\AppPatch64\AcGenral.DLL
0x00007fffdc5a0000 - 0x00007fffdc64a000 	C:\WINDOWS\system32\msvcrt.dll
0x00007fffdb6b0000 - 0x00007fffdb6de000 	C:\WINDOWS\system32\SspiCli.dll
0x00007fffdbfc0000 - 0x00007fffdc014000 	C:\WINDOWS\system32\SHLWAPI.dll
0x00007fffdba90000 - 0x00007fffdbc07000 	C:\WINDOWS\system32\USER32.dll
0x00007fffdc720000 - 0x00007fffdc8b5000 	C:\WINDOWS\system32\ole32.dll
0x00007fffdc8c0000 - 0x00007fffdddee000 	C:\WINDOWS\system32\SHELL32.dll
0x00007fffdad60000 - 0x00007fffdad81000 	C:\WINDOWS\SYSTEM32\USERENV.dll
0x00007fffdc3b0000 - 0x00007fffdc45a000 	C:\WINDOWS\system32\ADVAPI32.dll
0x00007fffd18b0000 - 0x00007fffd18ce000 	C:\WINDOWS\SYSTEM32\MPR.dll
0x00007fffdc460000 - 0x00007fffdc59a000 	C:\WINDOWS\system32\RPCRT4.dll
0x00007fffdc220000 - 0x00007fffdc278000 	C:\WINDOWS\SYSTEM32\sechost.dll
0x00007fffdbc50000 - 0x00007fffdbe61000 	C:\WINDOWS\SYSTEM32\combase.dll
0x00007fffdbe70000 - 0x00007fffdbfbe000 	C:\WINDOWS\system32\GDI32.dll
0x00007fffdb360000 - 0x00007fffdb375000 	C:\WINDOWS\SYSTEM32\profapi.dll
0x00007fffd9f00000 - 0x00007fffd9fb2000 	C:\WINDOWS\SYSTEM32\SHCORE.dll
0x00007fffdbc10000 - 0x00007fffdbc46000 	C:\WINDOWS\system32\IMM32.DLL
0x00007fffddf30000 - 0x00007fffde081000 	C:\WINDOWS\system32\MSCTF.dll
0x00007fffd92a0000 - 0x00007fffd951b000 	C:\WINDOWS\WinSxS\amd64_microsoft.windows.common-controls_6595b64144ccf1df_6.0.9600.19394_none_62486577ecb635cf\COMCTL32.dll
0x00007fffd90e0000 - 0x00007fffd90f5000 	C:\Program Files\Java\jre1.8.0_291\bin\vcruntime140.dll
0x00007fffd3420000 - 0x00007fffd3424000 	C:\WINDOWS\SYSTEM32\api-ms-win-crt-runtime-l1-1-0.dll
0x00007fffd3410000 - 0x00007fffd3413000 	C:\WINDOWS\SYSTEM32\api-ms-win-crt-heap-l1-1-0.dll
0x00007fffd33e0000 - 0x00007fffd33e4000 	C:\WINDOWS\SYSTEM32\api-ms-win-crt-string-l1-1-0.dll
0x00007fffd33f0000 - 0x00007fffd33f4000 	C:\WINDOWS\SYSTEM32\api-ms-win-crt-stdio-l1-1-0.dll
0x00007fffd3390000 - 0x00007fffd3394000 	C:\WINDOWS\SYSTEM32\api-ms-win-crt-convert-l1-1-0.dll
0x00007fffd3280000 - 0x00007fffd3374000 	C:\WINDOWS\SYSTEM32\ucrtbase.DLL
0x00007fffcae00000 - 0x00007fffcae9b000 	C:\Program Files\Java\jre1.8.0_291\bin\msvcp140.dll
0x00007fffd33c0000 - 0x00007fffd33c3000 	C:\WINDOWS\SYSTEM32\api-ms-win-crt-locale-l1-1-0.dll
0x00007fffd33d0000 - 0x00007fffd33d5000 	C:\WINDOWS\SYSTEM32\api-ms-win-crt-math-l1-1-0.dll
0x00007fffd33b0000 - 0x00007fffd33b3000 	C:\WINDOWS\SYSTEM32\api-ms-win-crt-filesystem-l1-1-0.dll
0x00007fffd33a0000 - 0x00007fffd33a3000 	C:\WINDOWS\SYSTEM32\api-ms-win-crt-time-l1-1-0.dll
0x00007fffd3400000 - 0x00007fffd3403000 	C:\WINDOWS\SYSTEM32\api-ms-win-crt-environment-l1-1-0.dll
0x00007fffd3380000 - 0x00007fffd3383000 	C:\WINDOWS\SYSTEM32\api-ms-win-crt-utility-l1-1-0.dll
0x0000000070180000 - 0x00000000709e0000 	C:\Program Files\Java\jre1.8.0_291\bin\server\jvm.dll
0x00007fffd2b70000 - 0x00007fffd2b79000 	C:\WINDOWS\SYSTEM32\WSOCK32.dll
0x00007fffd6df0000 - 0x00007fffd6e12000 	C:\WINDOWS\SYSTEM32\WINMM.dll
0x00007fffd8e50000 - 0x00007fffd8e5a000 	C:\WINDOWS\SYSTEM32\VERSION.dll
0x00007fffdc020000 - 0x00007fffdc027000 	C:\WINDOWS\system32\PSAPI.DLL
0x00007fffde090000 - 0x00007fffde0ea000 	C:\WINDOWS\system32\WS2_32.dll
0x00007fffd6dc0000 - 0x00007fffd6dea000 	C:\WINDOWS\SYSTEM32\WINMMBASE.dll
0x00007fffdc3a0000 - 0x00007fffdc3a9000 	C:\WINDOWS\system32\NSI.dll
0x00007fffdb4e0000 - 0x00007fffdb52f000 	C:\WINDOWS\SYSTEM32\cfgmgr32.dll
0x00007fffda180000 - 0x00007fffda1a8000 	C:\WINDOWS\SYSTEM32\DEVOBJ.dll
0x00007fffd7ea0000 - 0x00007fffd7eb0000 	C:\Program Files\Java\jre1.8.0_291\bin\verify.dll
0x00007fffd4a50000 - 0x00007fffd4a7b000 	C:\Program Files\Java\jre1.8.0_291\bin\java.dll
0x00007fffd5ae0000 - 0x00007fffd5af8000 	C:\Program Files\Java\jre1.8.0_291\bin\zip.dll
0x00007fffd6ed0000 - 0x00007fffd6edd000 	C:\Program Files\Java\jre1.8.0_291\bin\management.dll
0x00007fffd5550000 - 0x00007fffd556c000 	C:\Program Files\Java\jre1.8.0_291\bin\net.dll
0x00007fffdab10000 - 0x00007fffdab69000 	C:\WINDOWS\system32\mswsock.dll
0x00007fffcf540000 - 0x00007fffcf555000 	C:\WINDOWS\system32\napinsp.dll
0x00007fffcf560000 - 0x00007fffcf57a000 	C:\WINDOWS\system32\pnrpnsp.dll
0x00007fffd6760000 - 0x00007fffd677b000 	C:\WINDOWS\system32\NLAapi.dll
0x00007fffda910000 - 0x00007fffda9b4000 	C:\WINDOWS\SYSTEM32\DNSAPI.dll
0x00007fffcf580000 - 0x00007fffcf58d000 	C:\WINDOWS\System32\winrnr.dll
0x00000000720c0000 - 0x00000000720e6000 	C:\Program Files\Bonjour\mdnsNSP.dll
0x00007fffd5020000 - 0x00007fffd504a000 	C:\WINDOWS\SYSTEM32\Iphlpapi.DLL
0x00007fffd5c40000 - 0x00007fffd5c4a000 	C:\WINDOWS\SYSTEM32\WINNSI.DLL
0x00007fffd0d20000 - 0x00007fffd0d2a000 	C:\Windows\System32\rasadhlp.dll
0x00007fffd4800000 - 0x00007fffd486b000 	C:\WINDOWS\System32\fwpuclnt.dll
0x00007fffd5220000 - 0x00007fffd5233000 	C:\Program Files\Java\jre1.8.0_291\bin\nio.dll
0x00007fffd0e10000 - 0x00007fffd0e34000 	C:\Program Files\Java\jre1.8.0_291\bin\sunec.dll
0x00007fffdab70000 - 0x00007fffdab90000 	C:\WINDOWS\SYSTEM32\CRYPTSP.dll
0x00007fffda820000 - 0x00007fffda856000 	C:\WINDOWS\system32\rsaenh.dll
0x00007fffdae40000 - 0x00007fffdae66000 	C:\WINDOWS\SYSTEM32\bcrypt.dll
0x00007fffdb160000 - 0x00007fffdb1c3000 	C:\WINDOWS\system32\bcryptprimitives.dll
0x00007fffdb1d0000 - 0x00007fffdb1db000 	C:\WINDOWS\SYSTEM32\CRYPTBASE.dll
0x00007fffd47e0000 - 0x00007fffd47f6000 	C:\WINDOWS\SYSTEM32\dhcpcsvc6.DLL
0x00007fffd47c0000 - 0x00007fffd47da000 	C:\WINDOWS\SYSTEM32\dhcpcsvc.DLL
0x00007fffd4be0000 - 0x00007fffd4bf8000 	C:\Program Files\Java\jre1.8.0_291\bin\unpack.dll
0x00007fffc2580000 - 0x00007fffc2715000 	C:\Program Files\Java\jre1.8.0_291\bin\awt.dll
0x00007fffdc650000 - 0x00007fffdc716000 	C:\WINDOWS\system32\OLEAUT32.dll
0x0000000180000000 - 0x0000000180053000 	C:\_install_for_win_7_8\MultiMC\instances\UNDERDOG_dev\natives\lwjgl64.dll
0x00007fffc14b0000 - 0x00007fffc15db000 	C:\WINDOWS\SYSTEM32\OPENGL32.dll
0x00007fffcfe80000 - 0x00007fffcfeae000 	C:\WINDOWS\SYSTEM32\GLU32.dll
0x00007fffbff80000 - 0x00007fffc0078000 	C:\WINDOWS\SYSTEM32\DDRAW.dll
0x00007fffd6e60000 - 0x00007fffd6e69000 	C:\WINDOWS\SYSTEM32\DCIMAN32.dll
0x00007fffda000000 - 0x00007fffda129000 	C:\WINDOWS\system32\uxtheme.dll
0x00007fffd9520000 - 0x00007fffd9541000 	C:\WINDOWS\system32\dwmapi.dll
0x00007fffda1d0000 - 0x00007fffda1db000 	C:\WINDOWS\SYSTEM32\kernel.appcore.dll
0x000000006df50000 - 0x0000000070180000 	C:\WINDOWS\SYSTEM32\nvoglv64.DLL
0x00007fffdc040000 - 0x00007fffdc21a000 	C:\WINDOWS\system32\SETUPAPI.dll
0x00007fffd9e90000 - 0x00007fffd9ea2000 	C:\WINDOWS\SYSTEM32\WTSAPI32.dll
0x00007fffdb650000 - 0x00007fffdb6a1000 	C:\WINDOWS\system32\WINTRUST.dll
0x00007fffdb6e0000 - 0x00007fffdb8be000 	C:\WINDOWS\system32\CRYPT32.dll
0x00007fffdb410000 - 0x00007fffdb421000 	C:\WINDOWS\system32\MSASN1.dll
0x00007fffd8770000 - 0x00007fffd87a2000 	C:\WINDOWS\SYSTEM32\ntmarta.dll
0x00007fffd5430000 - 0x00007fffd54c2000 	C:\WINDOWS\SYSTEM32\mscms.dll
0x00007fffcf5a0000 - 0x00007fffcf5e1000 	C:\WINDOWS\SYSTEM32\icm32.dll
0x00007fffdb300000 - 0x00007fffdb346000 	C:\WINDOWS\SYSTEM32\powrprof.dll
0x00007fffdb1e0000 - 0x00007fffdb23a000 	C:\WINDOWS\SYSTEM32\WINSTA.dll
0x00007fffcf3c0000 - 0x00007fffcf402000 	C:\Users\user\AppData\Local\Temp\jna-2005345\jna8340763755550420040.dll
0x00007fffd6e20000 - 0x00007fffd6e2d000 	C:\Program Files\Java\jre1.8.0_291\bin\sunmscapi.dll
0x00007fffdae10000 - 0x00007fffdae35000 	C:\WINDOWS\SYSTEM32\ncrypt.dll
0x00007fffdadd0000 - 0x00007fffdae07000 	C:\WINDOWS\SYSTEM32\NTASN1.dll
0x000000dacb670000 - 0x000000dacb6d4000 	C:\_install_for_win_7_8\MultiMC\instances\UNDERDOG_dev\natives\OpenAL64.dll
0x00007fffde0f0000 - 0x00007fffde1a6000 	C:\WINDOWS\SYSTEM32\clbcatq.dll
0x00007fffd8f90000 - 0x00007fffd9000000 	C:\WINDOWS\System32\MMDevApi.dll
0x00007fffc9030000 - 0x00007fffc90cd000 	C:\WINDOWS\SYSTEM32\dsound.dll
0x00007fffc9820000 - 0x00007fffc989e000 	C:\WINDOWS\SYSTEM32\AUDIOSES.DLL
0x00007fffd6250000 - 0x00007fffd63d9000 	C:\WINDOWS\SYSTEM32\dbghelp.dll

VM Arguments:
jvm_args: -XX:HeapDumpPath=MojangTricksIntelDriversForPerformance_javaw.exe_minecraft.exe.heapdump -Xms2048m -Xmx6816m -Duser.language=en -Djava.library.path=C:/_install_for_win_7_8/MultiMC/instances/UNDERDOG_dev/natives 
java_command: org.multimc.EntryPoint
java_class_path (initial): C:/_install_for_win_7_8/MultiMC/jars/NewLaunch.jar;C:/_install_for_win_7_8/MultiMC/libraries/net/java/jinput/jinput/2.0.5/jinput-2.0.5.jar;C:/_install_for_win_7_8/MultiMC/libraries/net/java/jutils/jutils/1.0.0/jutils-1.0.0.jar;C:/_install_for_win_7_8/MultiMC/libraries/org/lwjgl/lwjgl/lwjgl/2.9.4-nightly-20150209/lwjgl-2.9.4-nightly-20150209.jar;C:/_install_for_win_7_8/MultiMC/libraries/org/lwjgl/lwjgl/lwjgl_util/2.9.4-nightly-20150209/lwjgl_util-2.9.4-nightly-20150209.jar;C:/_install_for_win_7_8/MultiMC/libraries/com/mojang/patchy/1.1/patchy-1.1.jar;C:/_install_for_win_7_8/MultiMC/libraries/oshi-project/oshi-core/1.1/oshi-core-1.1.jar;C:/_install_for_win_7_8/MultiMC/libraries/net/java/dev/jna/jna/4.4.0/jna-4.4.0.jar;C:/_install_for_win_7_8/MultiMC/libraries/net/java/dev/jna/platform/3.4.0/platform-3.4.0.jar;C:/_install_for_win_7_8/MultiMC/libraries/com/ibm/icu/icu4j-core-mojang/51.2/icu4j-core-mojang-51.2.jar;C:/_install_for_win_7_8/MultiMC/libraries/net/sf/jopt-simple/jopt-simple/5.0.3/jopt-simple-5.0.3.jar;C:/_install_for_win_7_8/MultiMC/libraries/com/paulscode/codecjorbis/20101023/codecjorbis-20101023.jar;C:/_install_for_win_7_8/MultiMC/libraries/com/paulscode/codecwav/20101023/codecwav-20101023.jar;C:/_install_for_win_7_8/MultiMC/libraries/com/paulscode/libraryjavasound/20101123/libraryjavasound-20101123.jar;C:/_install_for_win_7_8/MultiMC/libraries/com/paulscode/librarylwjglopenal/20100824/librarylwjglopenal-20100824.jar;C:/_install_for_win_7_8/MultiMC/libraries/com/paulscode/soundsystem/20120107/soundsystem-20120107.jar;C:/_install_for_win_7_8/MultiMC/libraries/io/netty/netty-all/4.1.9.Final/netty-all-4.1.9.Final.jar;C:/_install_for_win_7_8/MultiMC/libraries/com/google/guava/guava/21.0/guava-21.0.jar;C:/_install_for_win_7_8/MultiMC/libraries/org/apache/commons/commons-lang3/3.5/commons-lang3-3.5.jar;C:/_install_for_win_7_8/MultiMC/libraries/commons-io/commons-io/2.5/commons-io-2.5.jar;C:/_install_for_win_7_8/MultiMC/libraries/commo
Launcher Type: SUN_STANDARD

Environment Variables:
PATH=C:\Program Files (x86)\Common Files\Oracle\Java\javapath;C:\Program Files\Common Files\Oracle\Java\javapath;C:\WINDOWS\system32;C:\WINDOWS;C:\WINDOWS\System32\Wbem;C:\WINDOWS\System32\WindowsPowerShell\v1.0\;C:\Program Files (x86)\Common Files\Adobe\AGL;C:\Program Files (x86)\Windows Live\Shared;C:\Program Files (x86)\QuickTime\QTSystem\;C:\Program Files (x86)\Fluke\SmartView 3.11\GigEVisionSDK\bin;C:\Program Files (x86)\Fluke\SmartView 3.11\GigEVisionSDK\GenICam_v2_4\bin\Windows;C:\Program Files (x86)\Fluke\SmartView 3.11\GigEVisionSDK\GenICam_v2_4\bin\Windows\GenApi\Generic;C:\Program Files (x86)\Common Files\Ulead Systems\MPEG;C:\Program Files\Git\cmd;C:\Users\user\AppData\Local\Programs\Microsoft VS Code\bin;C:\Users\user\AppData\Local\GitHubDesktop\bin
USERNAME=AERO
OS=Windows_NT
PROCESSOR_IDENTIFIER=Intel64 Family 6 Model 58 Stepping 9, GenuineIntel



---------------  S Y S T E M  ---------------

OS: Windows 8.1 , 64 bit Build 9600 (6.3.9600.19994)

CPU:total 4 (initial active 4) (4 cores per cpu, 1 threads per core) family 6 model 58 stepping 9, cmov, cx8, fxsr, mmx, sse, sse2, sse3, ssse3, sse4.1, sse4.2, popcnt, avx, aes, clmul, erms, tsc, tscinvbit, tscinv

Memory: 4k page, physical 16740064k(8708816k free), swap 34746080k(23614972k free)

vm_info: Java HotSpot(TM) 64-Bit Server VM (25.291-b10) for windows-amd64 JRE (1.8.0_291-b10), built on Apr  9 2021 00:02:00 by "java_re" with MS VC++ 15.9 (VS2017)

time: Sat Apr 24 21:53:41 2021
timezone: Stredoeurópsky eas (letný)
elapsed time: 104.702485 seconds (0d 0h 1m 44s)

